<?xml version="1.0" encoding="UTF-8" ?>
<testsuite failures="0" time="0.03" errors="0" skipped="0" tests="1" name="junit.base.TicketsTest">
  <properties>
    <property name="java.runtime.name" value="Java(TM) SE Runtime Environment"/>
    <property name="sun.boot.library.path" value="C:\Program Files\Java\jdk1.7.0_45\jre\bin"/>
    <property name="java.vm.version" value="24.45-b08"/>
    <property name="java.vm.vendor" value="Oracle Corporation"/>
    <property name="java.vendor.url" value="http://java.oracle.com/"/>
    <property name="path.separator" value=";"/>
    <property name="java.vm.name" value="Java HotSpot(TM) 64-Bit Server VM"/>
    <property name="file.encoding.pkg" value="sun.io"/>
    <property name="user.script" value=""/>
    <property name="user.country" value="CN"/>
    <property name="sun.java.launcher" value="SUN_STANDARD"/>
    <property name="sun.os.patch.level" value=""/>
    <property name="java.vm.specification.name" value="Java Virtual Machine Specification"/>
    <property name="user.dir" value="D:\Project\me\com_dao"/>
    <property name="java.runtime.version" value="1.7.0_45-b18"/>
    <property name="java.awt.graphicsenv" value="sun.awt.Win32GraphicsEnvironment"/>
    <property name="basedir" value="D:\Project\me\com_dao"/>
    <property name="java.endorsed.dirs" value="C:\Program Files\Java\jdk1.7.0_45\jre\lib\endorsed"/>
    <property name="os.arch" value="amd64"/>
    <property name="surefire.real.class.path" value="D:\Project\me\com_dao\target\surefire\surefirebooter3303223661518873159.jar"/>
    <property name="java.io.tmpdir" value="C:\Users\Chen\AppData\Local\Temp\"/>
    <property name="line.separator" value="
"/>
    <property name="java.vm.specification.vendor" value="Oracle Corporation"/>
    <property name="user.variant" value=""/>
    <property name="os.name" value="Windows 8"/>
    <property name="sun.jnu.encoding" value="GBK"/>
    <property name="java.library.path" value="C:\Program Files\Java\jdk1.7.0_45\jre\bin;C:\windows\Sun\Java\bin;C:\windows\system32;C:\windows;C:\Program Files (x86)\NVIDIA Corporation\PhysX\Common;C:\PROGRAM FILES (X86)\INTEL\ICLS CLIENT\;C:\PROGRAM FILES\INTEL\ICLS CLIENT\;C:\windows\SYSTEM32;C:\windows;C:\windows\SYSTEM32\WBEM;C:\windows\SYSTEM32\WINDOWSPOWERSHELL\V1.0\;C:\PROGRAM FILES\INTEL\INTEL(R) MANAGEMENT ENGINE COMPONENTS\DAL;C:\PROGRAM FILES\INTEL\INTEL(R) MANAGEMENT ENGINE COMPONENTS\IPT;C:\PROGRAM FILES (X86)\INTEL\INTEL(R) MANAGEMENT ENGINE COMPONENTS\DAL;C:\PROGRAM FILES (X86)\INTEL\INTEL(R) MANAGEMENT ENGINE COMPONENTS\IPT;C:\PROGRAM FILES\INTEL\WIFI\BIN\;C:\PROGRAM FILES\COMMON FILES\INTEL\WIRELESSCOMMON\;C:\PROGRAM FILES (X86)\INTEL\OPENCL SDK\2.0\BIN\X86;C:\PROGRAM FILES (X86)\INTEL\OPENCL SDK\2.0\BIN\X64;C:\PROGRAMDATA\LENOVO\READYAPPS;;C:\Program Files\ThinkPad\Bluetooth Software\;C:\Program Files\ThinkPad\Bluetooth Software\syswow64;C:\Program Files\Java\jdk1.7.0_45\bin;C:\Program Files\Java\adt-bundle-windows-x86_64-20131030\sdk\tools;C:\Program Files\Java\adt-bundle-windows-x86_64-20131030\sdk\platform-tools;D:\Project\apache-maven-3.1.1/bin;D:\Resources\SoftWare\nexus-2.1.1-bundle\bin\jsw\windows-x86-64;C:\Program Files (x86)\9158VirtualCamera\bin;D:\Project\apache-maven-3.1.1\bin;C:\Program Files (x86)\Windows Kits\8.1\Windows Performance Toolkit\;C:\Program Files\Microsoft SQL Server\110\Tools\Binn\;C:\Program Files (x86)\Microsoft SQL Server\110\Tools\Binn\;C:\Program Files (x86)\Microsoft SQL Server\110\DTS\Binn\;C:\Program Files (x86)\Microsoft SQL Server\110\Tools\Binn\ManagementStudio\;C:\Program Files (x86)\Microsoft Visual Studio 10.0\Common7\IDE\PrivateAssemblies\;c:\Program Files (x86)\Microsoft SQL Server\100\Tools\Binn\;c:\Program Files\Microsoft SQL Server\100\Tools\Binn\;c:\Program Files\Microsoft SQL Server\100\DTS\Binn\;C:\Program Files\Microsoft\Web Platform Installer\;c:\Program Files (x86)\Microsoft ASP.NET\ASP.NET Web Pages\v1.0\;C:\Program Files (x86)\MySQL\MySQL Server 5.6\bin;C:\Program Files (x86)\SSH Communications Security\SSH Secure Shell;."/>
    <property name="surefire.test.class.path" value="D:\Project\me\com_dao\target\test-classes;D:\Project\me\com_dao\target\classes;D:\Project\maven_lib\com_domain\com.jc.domain\0.0.1\com.jc.domain-0.0.1.jar;D:\Project\maven_lib\org\opencloudb\mycat\Mycat-server\1.3-dev\Mycat-server-1.3-dev.jar;D:\Project\maven_lib\com\foundationdb\fdb-sql-parser\1.3.0\fdb-sql-parser-1.3.0.jar;D:\Project\maven_lib\net\sf\ehcache\ehcache-core\2.6.6\ehcache-core-2.6.6.jar;D:\Project\maven_lib\org\mapdb\mapdb\0.9.8\mapdb-0.9.8.jar;D:\Project\maven_lib\org\slf4j\slf4j-api\1.7.3\slf4j-api-1.7.3.jar;D:\Project\maven_lib\org\slf4j\slf4j-log4j12\1.7.3\slf4j-log4j12-1.7.3.jar;D:\Project\maven_lib\junit\junit\4.10\junit-4.10.jar;D:\Project\maven_lib\org\hamcrest\hamcrest-core\1.1\hamcrest-core-1.1.jar;D:\Project\maven_lib\org\apache\ibatis\ibatis-sqlmap\2.3.4.726\ibatis-sqlmap-2.3.4.726.jar;D:\Project\maven_lib\log4j\log4j\1.2.16\log4j-1.2.16.jar;D:\Project\maven_lib\org\springframework\spring-orm\3.1.4.RELEASE\spring-orm-3.1.4.RELEASE.jar;D:\Project\maven_lib\org\springframework\spring-beans\3.1.4.RELEASE\spring-beans-3.1.4.RELEASE.jar;D:\Project\maven_lib\org\springframework\spring-core\3.1.4.RELEASE\spring-core-3.1.4.RELEASE.jar;D:\Project\maven_lib\org\springframework\spring-asm\3.1.4.RELEASE\spring-asm-3.1.4.RELEASE.jar;D:\Project\maven_lib\commons-logging\commons-logging\1.1.1\commons-logging-1.1.1.jar;D:\Project\maven_lib\org\springframework\spring-jdbc\3.1.4.RELEASE\spring-jdbc-3.1.4.RELEASE.jar;D:\Project\maven_lib\org\springframework\spring-tx\3.1.4.RELEASE\spring-tx-3.1.4.RELEASE.jar;D:\Project\maven_lib\aopalliance\aopalliance\1.0\aopalliance-1.0.jar;D:\Project\maven_lib\org\springframework\spring-aop\3.1.4.RELEASE\spring-aop-3.1.4.RELEASE.jar;D:\Project\maven_lib\org\springframework\spring-context\3.1.4.RELEASE\spring-context-3.1.4.RELEASE.jar;D:\Project\maven_lib\org\springframework\spring-expression\3.1.4.RELEASE\spring-expression-3.1.4.RELEASE.jar;D:\Project\maven_lib\org\springframework\spring-test\3.1.4.RELEASE\spring-test-3.1.4.RELEASE.jar;D:\Project\maven_lib\mysql\mysql-connector-java\5.1.6\mysql-connector-java-5.1.6.jar;"/>
    <property name="java.specification.name" value="Java Platform API Specification"/>
    <property name="java.class.version" value="51.0"/>
    <property name="sun.management.compiler" value="HotSpot 64-Bit Tiered Compilers"/>
    <property name="os.version" value="6.2"/>
    <property name="user.home" value="C:\Users\Chen"/>
    <property name="user.timezone" value="Asia/Shanghai"/>
    <property name="java.awt.printerjob" value="sun.awt.windows.WPrinterJob"/>
    <property name="java.specification.version" value="1.7"/>
    <property name="file.encoding" value="GBK"/>
    <property name="user.name" value="Chen"/>
    <property name="java.class.path" value="D:\Project\me\com_dao\target\test-classes;D:\Project\me\com_dao\target\classes;D:\Project\maven_lib\com_domain\com.jc.domain\0.0.1\com.jc.domain-0.0.1.jar;D:\Project\maven_lib\org\opencloudb\mycat\Mycat-server\1.3-dev\Mycat-server-1.3-dev.jar;D:\Project\maven_lib\com\foundationdb\fdb-sql-parser\1.3.0\fdb-sql-parser-1.3.0.jar;D:\Project\maven_lib\net\sf\ehcache\ehcache-core\2.6.6\ehcache-core-2.6.6.jar;D:\Project\maven_lib\org\mapdb\mapdb\0.9.8\mapdb-0.9.8.jar;D:\Project\maven_lib\org\slf4j\slf4j-api\1.7.3\slf4j-api-1.7.3.jar;D:\Project\maven_lib\org\slf4j\slf4j-log4j12\1.7.3\slf4j-log4j12-1.7.3.jar;D:\Project\maven_lib\junit\junit\4.10\junit-4.10.jar;D:\Project\maven_lib\org\hamcrest\hamcrest-core\1.1\hamcrest-core-1.1.jar;D:\Project\maven_lib\org\apache\ibatis\ibatis-sqlmap\2.3.4.726\ibatis-sqlmap-2.3.4.726.jar;D:\Project\maven_lib\log4j\log4j\1.2.16\log4j-1.2.16.jar;D:\Project\maven_lib\org\springframework\spring-orm\3.1.4.RELEASE\spring-orm-3.1.4.RELEASE.jar;D:\Project\maven_lib\org\springframework\spring-beans\3.1.4.RELEASE\spring-beans-3.1.4.RELEASE.jar;D:\Project\maven_lib\org\springframework\spring-core\3.1.4.RELEASE\spring-core-3.1.4.RELEASE.jar;D:\Project\maven_lib\org\springframework\spring-asm\3.1.4.RELEASE\spring-asm-3.1.4.RELEASE.jar;D:\Project\maven_lib\commons-logging\commons-logging\1.1.1\commons-logging-1.1.1.jar;D:\Project\maven_lib\org\springframework\spring-jdbc\3.1.4.RELEASE\spring-jdbc-3.1.4.RELEASE.jar;D:\Project\maven_lib\org\springframework\spring-tx\3.1.4.RELEASE\spring-tx-3.1.4.RELEASE.jar;D:\Project\maven_lib\aopalliance\aopalliance\1.0\aopalliance-1.0.jar;D:\Project\maven_lib\org\springframework\spring-aop\3.1.4.RELEASE\spring-aop-3.1.4.RELEASE.jar;D:\Project\maven_lib\org\springframework\spring-context\3.1.4.RELEASE\spring-context-3.1.4.RELEASE.jar;D:\Project\maven_lib\org\springframework\spring-expression\3.1.4.RELEASE\spring-expression-3.1.4.RELEASE.jar;D:\Project\maven_lib\org\springframework\spring-test\3.1.4.RELEASE\spring-test-3.1.4.RELEASE.jar;D:\Project\maven_lib\mysql\mysql-connector-java\5.1.6\mysql-connector-java-5.1.6.jar;"/>
    <property name="java.vm.specification.version" value="1.7"/>
    <property name="sun.arch.data.model" value="64"/>
    <property name="java.home" value="C:\Program Files\Java\jdk1.7.0_45\jre"/>
    <property name="sun.java.command" value="D:\Project\me\com_dao\target\surefire\surefirebooter3303223661518873159.jar D:\Project\me\com_dao\target\surefire\surefire6356048328203927511tmp D:\Project\me\com_dao\target\surefire\surefire2187781875015853135tmp"/>
    <property name="java.specification.vendor" value="Oracle Corporation"/>
    <property name="user.language" value="zh"/>
    <property name="awt.toolkit" value="sun.awt.windows.WToolkit"/>
    <property name="java.vm.info" value="mixed mode"/>
    <property name="java.version" value="1.7.0_45"/>
    <property name="java.ext.dirs" value="C:\Program Files\Java\jdk1.7.0_45\jre\lib\ext;C:\windows\Sun\Java\lib\ext"/>
    <property name="sun.boot.class.path" value="C:\Program Files\Java\jdk1.7.0_45\jre\lib\resources.jar;C:\Program Files\Java\jdk1.7.0_45\jre\lib\rt.jar;C:\Program Files\Java\jdk1.7.0_45\jre\lib\sunrsasign.jar;C:\Program Files\Java\jdk1.7.0_45\jre\lib\jsse.jar;C:\Program Files\Java\jdk1.7.0_45\jre\lib\jce.jar;C:\Program Files\Java\jdk1.7.0_45\jre\lib\charsets.jar;C:\Program Files\Java\jdk1.7.0_45\jre\lib\jfr.jar;C:\Program Files\Java\jdk1.7.0_45\jre\classes"/>
    <property name="java.vendor" value="Oracle Corporation"/>
    <property name="localRepository" value="D:\Project\maven_lib"/>
    <property name="file.separator" value="\"/>
    <property name="java.vendor.url.bug" value="http://bugreport.sun.com/bugreport/"/>
    <property name="sun.cpu.endian" value="little"/>
    <property name="sun.io.unicode.encoding" value="UnicodeLittle"/>
    <property name="sun.desktop" value="windows"/>
    <property name="sun.cpu.isalist" value="amd64"/>
  </properties>
  <testcase time="0.02" classname="junit.base.TicketsTest" name="saveTest"/>
</testsuite>